c:\h2026 moteurs et performances\moteur-tp2\tp2\x64\debug\vc143.pdb
c:\h2026 moteurs et performances\moteur-tp2\tp2\x64\debug\vc143.idb
c:\h2026 moteurs et performances\moteur-tp2\tp2\x64\debug\main.obj
c:\h2026 moteurs et performances\moteur-tp2\tp2\x64\debug\imgui_widgets.obj
c:\h2026 moteurs et performances\moteur-tp2\tp2\x64\debug\imgui_tables.obj
c:\h2026 moteurs et performances\moteur-tp2\tp2\x64\debug\imgui_draw.obj
c:\h2026 moteurs et performances\moteur-tp2\tp2\x64\debug\imgui.obj
c:\h2026 moteurs et performances\moteur-tp2\tp2\x64\debug\imgui_impl_sdl3.obj
c:\h2026 moteurs et performances\moteur-tp2\tp2\x64\debug\imgui_impl_opengl3.obj
c:\h2026 moteurs et performances\moteur-tp2\tp2\x64\debug\imgui_demo.obj
c:\h2026 moteurs et performances\moteur-tp2\x64\debug\tp2.exe
c:\h2026 moteurs et performances\moteur-tp2\x64\debug\tp2.pdb
c:\h2026 moteurs et performances\moteur-tp2\tp2\x64\debug\tp2.ilk
c:\h2026 moteurs et performances\moteur-tp2\tp2\x64\debug\tp2.tlog\cl.command.1.tlog
c:\h2026 moteurs et performances\moteur-tp2\tp2\x64\debug\tp2.tlog\cl.items.tlog
c:\h2026 moteurs et performances\moteur-tp2\tp2\x64\debug\tp2.tlog\cl.read.1.tlog
c:\h2026 moteurs et performances\moteur-tp2\tp2\x64\debug\tp2.tlog\cl.write.1.tlog
c:\h2026 moteurs et performances\moteur-tp2\tp2\x64\debug\tp2.tlog\link.command.1.tlog
c:\h2026 moteurs et performances\moteur-tp2\tp2\x64\debug\tp2.tlog\link.read.1.tlog
c:\h2026 moteurs et performances\moteur-tp2\tp2\x64\debug\tp2.tlog\link.secondary.1.tlog
c:\h2026 moteurs et performances\moteur-tp2\tp2\x64\debug\tp2.tlog\link.write.1.tlog
